build/app/intermediates/manifest_merge_blame_file/release/manifest-merger-blame-release-report.txt
1<?xml version="1.0" encoding="utf-8"?>
2<manifest xmlns:android="http://schemas.android.com/apk/res/android"
3    package="com.example.ecome"
4    android:versionCode="1"
5    android:versionName="1.0.0" >
6
7    <uses-sdk
8        android:minSdkVersion="21"
9        android:targetSdkVersion="35" />
10
11    <uses-permission android:name="android.permission.INTERNET" />
11-->src/main/AndroidManifest.xml:2:1-62
11-->src/main/AndroidManifest.xml:2:18-60
12    <!--
13         Required to query activities that can process text, see:
14         https://developer.android.com/training/package-visibility and
15         https://developer.android.com/reference/android/content/Intent#ACTION_PROCESS_TEXT.
16
17         In particular, this is used by the Flutter engine in io.flutter.plugin.text.ProcessTextPlugin.
18    -->
19    <queries>
19-->src/main/AndroidManifest.xml:45:5-50:15
20        <intent>
20-->src/main/AndroidManifest.xml:46:9-49:18
21            <action android:name="android.intent.action.PROCESS_TEXT" />
21-->src/main/AndroidManifest.xml:47:13-72
21-->src/main/AndroidManifest.xml:47:21-70
22
23            <data android:mimeType="text/plain" />
23-->src/main/AndroidManifest.xml:48:13-50
23-->src/main/AndroidManifest.xml:48:19-48
24        </intent>
25        <intent>
25-->[com.razorpay:standard-core:1.6.51] AndroidManifest.xml:11:9-17:18
26            <action android:name="android.intent.action.VIEW" />
26-->[com.razorpay:standard-core:1.6.51] AndroidManifest.xml:12:13-65
26-->[com.razorpay:standard-core:1.6.51] AndroidManifest.xml:12:21-62
27
28            <data
28-->src/main/AndroidManifest.xml:48:13-50
29                android:mimeType="*/*"
29-->src/main/AndroidManifest.xml:48:19-48
30                android:scheme="*" />
31        </intent>
32        <intent>
32-->[com.razorpay:standard-core:1.6.51] AndroidManifest.xml:18:9-27:18
33            <action android:name="android.intent.action.VIEW" />
33-->[com.razorpay:standard-core:1.6.51] AndroidManifest.xml:12:13-65
33-->[com.razorpay:standard-core:1.6.51] AndroidManifest.xml:12:21-62
34
35            <category android:name="android.intent.category.BROWSABLE" />
35-->[com.razorpay:standard-core:1.6.51] AndroidManifest.xml:21:13-74
35-->[com.razorpay:standard-core:1.6.51] AndroidManifest.xml:21:23-71
36
37            <data
37-->src/main/AndroidManifest.xml:48:13-50
38                android:host="pay"
39                android:mimeType="*/*"
39-->src/main/AndroidManifest.xml:48:19-48
40                android:scheme="upi" />
41        </intent>
42        <intent>
42-->[com.razorpay:standard-core:1.6.51] AndroidManifest.xml:28:9-30:18
43            <action android:name="android.intent.action.MAIN" />
43-->src/main/AndroidManifest.xml:30:17-68
43-->src/main/AndroidManifest.xml:30:25-66
44        </intent>
45        <intent>
45-->[com.razorpay:standard-core:1.6.51] AndroidManifest.xml:31:9-35:18
46            <action android:name="android.intent.action.SEND" />
46-->[com.razorpay:standard-core:1.6.51] AndroidManifest.xml:32:13-65
46-->[com.razorpay:standard-core:1.6.51] AndroidManifest.xml:32:21-62
47
48            <data android:mimeType="*/*" />
48-->src/main/AndroidManifest.xml:48:13-50
48-->src/main/AndroidManifest.xml:48:19-48
49        </intent>
50        <intent>
50-->[com.razorpay:standard-core:1.6.51] AndroidManifest.xml:36:9-38:18
51            <action android:name="rzp.device_token.share" />
51-->[com.razorpay:standard-core:1.6.51] AndroidManifest.xml:37:13-61
51-->[com.razorpay:standard-core:1.6.51] AndroidManifest.xml:37:21-58
52        </intent>
53    </queries>
54
55    <uses-permission android:name="android.permission.ACCESS_NETWORK_STATE" />
55-->[:connectivity_plus] AndroidManifest.xml:7:5-79
55-->[:connectivity_plus] AndroidManifest.xml:7:22-76
56
57    <uses-feature
57-->[com.google.android.gms:play-services-maps:17.0.0] AndroidManifest.xml:26:5-28:35
58        android:glEsVersion="0x00020000"
58-->[com.google.android.gms:play-services-maps:17.0.0] AndroidManifest.xml:27:9-41
59        android:required="true" />
59-->[com.google.android.gms:play-services-maps:17.0.0] AndroidManifest.xml:28:9-32
60
61    <permission
61-->[androidx.core:core:1.13.1] AndroidManifest.xml:22:5-24:47
62        android:name="com.example.ecome.DYNAMIC_RECEIVER_NOT_EXPORTED_PERMISSION"
62-->[androidx.core:core:1.13.1] AndroidManifest.xml:23:9-81
63        android:protectionLevel="signature" />
63-->[androidx.core:core:1.13.1] AndroidManifest.xml:24:9-44
64
65    <uses-permission android:name="com.example.ecome.DYNAMIC_RECEIVER_NOT_EXPORTED_PERMISSION" />
65-->[androidx.core:core:1.13.1] AndroidManifest.xml:26:5-97
65-->[androidx.core:core:1.13.1] AndroidManifest.xml:26:22-94
66    <!--
67 <uses-permission android:name="android.permission.ACCESS_FINE_LOCATION"/>
68<uses-permission android:name="android.permission.ACCESS_COARSE_LOCATION"/>
69    -->
70    <application
71        android:name="android.app.Application"
71-->src/main/AndroidManifest.xml:8:9-42
72        android:appComponentFactory="androidx.core.app.CoreComponentFactory"
72-->[androidx.core:core:1.13.1] AndroidManifest.xml:28:18-86
73        android:extractNativeLibs="true"
74        android:icon="@mipmap/ic_launcher"
74-->src/main/AndroidManifest.xml:9:9-43
75        android:label="ecome" >
75-->src/main/AndroidManifest.xml:7:9-30
76
77        <!--
78             <meta-data android:name="com.google.android.geo.API_KEY"
79            android:value="AIzaSyCiSh4VnnI1jemtZTytDoj2X7Wl6evey30"/>
80        -->
81        <activity
81-->src/main/AndroidManifest.xml:12:9-33:20
82            android:name="com.example.ecome.MainActivity"
82-->src/main/AndroidManifest.xml:13:13-41
83            android:configChanges="orientation|keyboardHidden|keyboard|screenSize|smallestScreenSize|locale|layoutDirection|fontScale|screenLayout|density|uiMode"
83-->src/main/AndroidManifest.xml:18:13-163
84            android:exported="true"
84-->src/main/AndroidManifest.xml:14:13-36
85            android:hardwareAccelerated="true"
85-->src/main/AndroidManifest.xml:19:13-47
86            android:launchMode="singleTop"
86-->src/main/AndroidManifest.xml:15:13-43
87            android:taskAffinity=""
87-->src/main/AndroidManifest.xml:16:13-36
88            android:theme="@style/LaunchTheme"
88-->src/main/AndroidManifest.xml:17:13-47
89            android:windowSoftInputMode="adjustResize" >
89-->src/main/AndroidManifest.xml:20:13-55
90
91            <!--
92                 Specifies an Android theme to apply to this Activity as soon as
93                 the Android process has started. This theme is visible to the user
94                 while the Flutter UI initializes. After that, this theme continues
95                 to determine the Window background behind the Flutter UI.
96            -->
97            <meta-data
97-->src/main/AndroidManifest.xml:25:13-28:17
98                android:name="io.flutter.embedding.android.NormalTheme"
98-->src/main/AndroidManifest.xml:26:15-70
99                android:resource="@style/NormalTheme" />
99-->src/main/AndroidManifest.xml:27:15-52
100
101            <intent-filter>
101-->src/main/AndroidManifest.xml:29:13-32:29
102                <action android:name="android.intent.action.MAIN" />
102-->src/main/AndroidManifest.xml:30:17-68
102-->src/main/AndroidManifest.xml:30:25-66
103
104                <category android:name="android.intent.category.LAUNCHER" />
104-->src/main/AndroidManifest.xml:31:17-76
104-->src/main/AndroidManifest.xml:31:27-74
105            </intent-filter>
106        </activity>
107        <!--
108             Don't delete the meta-data below.
109             This is used by the Flutter tool to generate GeneratedPluginRegistrant.java
110        -->
111        <meta-data
111-->src/main/AndroidManifest.xml:36:9-38:33
112            android:name="flutterEmbedding"
112-->src/main/AndroidManifest.xml:37:13-44
113            android:value="2" />
113-->src/main/AndroidManifest.xml:38:13-30
114
115        <activity
115-->[com.razorpay:standard-core:1.6.51] AndroidManifest.xml:42:9-50:20
116            android:name="com.razorpay.CheckoutActivity"
116-->[com.razorpay:standard-core:1.6.51] AndroidManifest.xml:43:13-57
117            android:configChanges="keyboard|keyboardHidden|orientation|screenSize"
117-->[com.razorpay:standard-core:1.6.51] AndroidManifest.xml:44:13-83
118            android:exported="false"
118-->[com.razorpay:standard-core:1.6.51] AndroidManifest.xml:45:13-37
119            android:theme="@style/CheckoutTheme" >
119-->[com.razorpay:standard-core:1.6.51] AndroidManifest.xml:46:13-49
120            <intent-filter>
120-->[com.razorpay:standard-core:1.6.51] AndroidManifest.xml:47:13-49:29
121                <action android:name="android.intent.action.MAIN" />
121-->src/main/AndroidManifest.xml:30:17-68
121-->src/main/AndroidManifest.xml:30:25-66
122            </intent-filter>
123        </activity>
124
125        <provider
125-->[com.razorpay:standard-core:1.6.51] AndroidManifest.xml:52:9-60:20
126            android:name="androidx.startup.InitializationProvider"
126-->[com.razorpay:standard-core:1.6.51] AndroidManifest.xml:53:13-67
127            android:authorities="com.example.ecome.androidx-startup"
127-->[com.razorpay:standard-core:1.6.51] AndroidManifest.xml:54:13-68
128            android:exported="false" >
128-->[com.razorpay:standard-core:1.6.51] AndroidManifest.xml:55:13-37
129            <meta-data
129-->[com.razorpay:standard-core:1.6.51] AndroidManifest.xml:57:13-59:52
130                android:name="com.razorpay.RazorpayInitializer"
130-->[com.razorpay:standard-core:1.6.51] AndroidManifest.xml:58:17-64
131                android:value="androidx.startup" />
131-->[com.razorpay:standard-core:1.6.51] AndroidManifest.xml:59:17-49
132            <meta-data
132-->[androidx.lifecycle:lifecycle-process:2.7.0] AndroidManifest.xml:29:13-31:52
133                android:name="androidx.lifecycle.ProcessLifecycleInitializer"
133-->[androidx.lifecycle:lifecycle-process:2.7.0] AndroidManifest.xml:30:17-78
134                android:value="androidx.startup" />
134-->[androidx.lifecycle:lifecycle-process:2.7.0] AndroidManifest.xml:31:17-49
135            <meta-data
135-->[androidx.profileinstaller:profileinstaller:1.3.1] AndroidManifest.xml:29:13-31:52
136                android:name="androidx.profileinstaller.ProfileInstallerInitializer"
136-->[androidx.profileinstaller:profileinstaller:1.3.1] AndroidManifest.xml:30:17-85
137                android:value="androidx.startup" />
137-->[androidx.profileinstaller:profileinstaller:1.3.1] AndroidManifest.xml:31:17-49
138        </provider>
139
140        <activity
140-->[com.razorpay:standard-core:1.6.51] AndroidManifest.xml:62:9-65:75
141            android:name="com.razorpay.MagicXActivity"
141-->[com.razorpay:standard-core:1.6.51] AndroidManifest.xml:63:13-55
142            android:exported="false"
142-->[com.razorpay:standard-core:1.6.51] AndroidManifest.xml:64:13-37
143            android:theme="@android:style/Theme.Translucent.NoTitleBar" />
143-->[com.razorpay:standard-core:1.6.51] AndroidManifest.xml:65:13-72
144
145        <meta-data
145-->[com.razorpay:standard-core:1.6.51] AndroidManifest.xml:67:9-69:58
146            android:name="com.razorpay.plugin.googlepay_all"
146-->[com.razorpay:standard-core:1.6.51] AndroidManifest.xml:68:13-61
147            android:value="com.razorpay.RzpGpayMerged" />
147-->[com.razorpay:standard-core:1.6.51] AndroidManifest.xml:69:13-55
148
149        <activity
149-->[com.google.android.gms:play-services-auth:21.1.0] AndroidManifest.xml:23:9-27:75
150            android:name="com.google.android.gms.auth.api.signin.internal.SignInHubActivity"
150-->[com.google.android.gms:play-services-auth:21.1.0] AndroidManifest.xml:24:13-93
151            android:excludeFromRecents="true"
151-->[com.google.android.gms:play-services-auth:21.1.0] AndroidManifest.xml:25:13-46
152            android:exported="false"
152-->[com.google.android.gms:play-services-auth:21.1.0] AndroidManifest.xml:26:13-37
153            android:theme="@android:style/Theme.Translucent.NoTitleBar" />
153-->[com.google.android.gms:play-services-auth:21.1.0] AndroidManifest.xml:27:13-72
154        <!--
155            Service handling Google Sign-In user revocation. For apps that do not integrate with
156            Google Sign-In, this service will never be started.
157        -->
158        <service
158-->[com.google.android.gms:play-services-auth:21.1.0] AndroidManifest.xml:33:9-37:51
159            android:name="com.google.android.gms.auth.api.signin.RevocationBoundService"
159-->[com.google.android.gms:play-services-auth:21.1.0] AndroidManifest.xml:34:13-89
160            android:exported="true"
160-->[com.google.android.gms:play-services-auth:21.1.0] AndroidManifest.xml:35:13-36
161            android:permission="com.google.android.gms.auth.api.signin.permission.REVOCATION_NOTIFICATION"
161-->[com.google.android.gms:play-services-auth:21.1.0] AndroidManifest.xml:36:13-107
162            android:visibleToInstantApps="true" /> <!-- Needs to be explicitly declared on P+ -->
162-->[com.google.android.gms:play-services-auth:21.1.0] AndroidManifest.xml:37:13-48
163        <uses-library
163-->[com.google.android.gms:play-services-maps:17.0.0] AndroidManifest.xml:33:9-35:40
164            android:name="org.apache.http.legacy"
164-->[com.google.android.gms:play-services-maps:17.0.0] AndroidManifest.xml:34:13-50
165            android:required="false" />
165-->[com.google.android.gms:play-services-maps:17.0.0] AndroidManifest.xml:35:13-37
166
167        <activity
167-->[com.google.android.gms:play-services-base:18.3.0] AndroidManifest.xml:20:9-22:45
168            android:name="com.google.android.gms.common.api.GoogleApiActivity"
168-->[com.google.android.gms:play-services-base:18.3.0] AndroidManifest.xml:20:19-85
169            android:exported="false"
169-->[com.google.android.gms:play-services-base:18.3.0] AndroidManifest.xml:22:19-43
170            android:theme="@android:style/Theme.Translucent.NoTitleBar" />
170-->[com.google.android.gms:play-services-base:18.3.0] AndroidManifest.xml:21:19-78
171
172        <meta-data
172-->[com.google.android.gms:play-services-basement:18.3.0] AndroidManifest.xml:21:9-23:69
173            android:name="com.google.android.gms.version"
173-->[com.google.android.gms:play-services-basement:18.3.0] AndroidManifest.xml:22:13-58
174            android:value="@integer/google_play_services_version" />
174-->[com.google.android.gms:play-services-basement:18.3.0] AndroidManifest.xml:23:13-66
175
176        <uses-library
176-->[androidx.window:window:1.2.0] AndroidManifest.xml:23:9-25:40
177            android:name="androidx.window.extensions"
177-->[androidx.window:window:1.2.0] AndroidManifest.xml:24:13-54
178            android:required="false" />
178-->[androidx.window:window:1.2.0] AndroidManifest.xml:25:13-37
179        <uses-library
179-->[androidx.window:window:1.2.0] AndroidManifest.xml:26:9-28:40
180            android:name="androidx.window.sidecar"
180-->[androidx.window:window:1.2.0] AndroidManifest.xml:27:13-51
181            android:required="false" />
181-->[androidx.window:window:1.2.0] AndroidManifest.xml:28:13-37
182
183        <receiver
183-->[androidx.profileinstaller:profileinstaller:1.3.1] AndroidManifest.xml:34:9-52:20
184            android:name="androidx.profileinstaller.ProfileInstallReceiver"
184-->[androidx.profileinstaller:profileinstaller:1.3.1] AndroidManifest.xml:35:13-76
185            android:directBootAware="false"
185-->[androidx.profileinstaller:profileinstaller:1.3.1] AndroidManifest.xml:36:13-44
186            android:enabled="true"
186-->[androidx.profileinstaller:profileinstaller:1.3.1] AndroidManifest.xml:37:13-35
187            android:exported="true"
187-->[androidx.profileinstaller:profileinstaller:1.3.1] AndroidManifest.xml:38:13-36
188            android:permission="android.permission.DUMP" >
188-->[androidx.profileinstaller:profileinstaller:1.3.1] AndroidManifest.xml:39:13-57
189            <intent-filter>
189-->[androidx.profileinstaller:profileinstaller:1.3.1] AndroidManifest.xml:40:13-42:29
190                <action android:name="androidx.profileinstaller.action.INSTALL_PROFILE" />
190-->[androidx.profileinstaller:profileinstaller:1.3.1] AndroidManifest.xml:41:17-91
190-->[androidx.profileinstaller:profileinstaller:1.3.1] AndroidManifest.xml:41:25-88
191            </intent-filter>
192            <intent-filter>
192-->[androidx.profileinstaller:profileinstaller:1.3.1] AndroidManifest.xml:43:13-45:29
193                <action android:name="androidx.profileinstaller.action.SKIP_FILE" />
193-->[androidx.profileinstaller:profileinstaller:1.3.1] AndroidManifest.xml:44:17-85
193-->[androidx.profileinstaller:profileinstaller:1.3.1] AndroidManifest.xml:44:25-82
194            </intent-filter>
195            <intent-filter>
195-->[androidx.profileinstaller:profileinstaller:1.3.1] AndroidManifest.xml:46:13-48:29
196                <action android:name="androidx.profileinstaller.action.SAVE_PROFILE" />
196-->[androidx.profileinstaller:profileinstaller:1.3.1] AndroidManifest.xml:47:17-88
196-->[androidx.profileinstaller:profileinstaller:1.3.1] AndroidManifest.xml:47:25-85
197            </intent-filter>
198            <intent-filter>
198-->[androidx.profileinstaller:profileinstaller:1.3.1] AndroidManifest.xml:49:13-51:29
199                <action android:name="androidx.profileinstaller.action.BENCHMARK_OPERATION" />
199-->[androidx.profileinstaller:profileinstaller:1.3.1] AndroidManifest.xml:50:17-95
199-->[androidx.profileinstaller:profileinstaller:1.3.1] AndroidManifest.xml:50:25-92
200            </intent-filter>
201        </receiver>
202    </application>
203
204</manifest>